[0.582s] DEBUG:colcon:Command line arguments: ['/usr/bin/colcon', 'build', '--symlink-install']
[0.583s] DEBUG:colcon:Parsed command line arguments: Namespace(log_base=None, log_level=None, verb_name='build', build_base='build', install_base='install', merge_install=False, symlink_install=True, test_result_base=None, continue_on_error=False, executor='parallel', parallel_workers=4, event_handlers=None, ignore_user_meta=False, metas=['./colcon.meta'], base_paths=['.'], packages_ignore=None, packages_ignore_regex=None, paths=None, packages_up_to=None, packages_up_to_regex=None, packages_above=None, packages_above_and_dependencies=None, packages_above_depth=None, packages_select_by_dep=None, packages_skip_by_dep=None, packages_skip_up_to=None, packages_select_build_failed=False, packages_skip_build_finished=False, packages_select_test_failures=False, packages_skip_test_passed=False, packages_select=None, packages_skip=None, packages_select_regex=None, packages_skip_regex=None, packages_start=None, packages_end=None, cmake_args=None, cmake_target=None, cmake_target_skip_unavailable=False, cmake_clean_cache=False, cmake_clean_first=False, cmake_force_configure=False, ament_cmake_args=None, catkin_cmake_args=None, catkin_skip_building_tests=False, mixin_files=None, mixin=None, verb_parser=<colcon_mixin.mixin.mixin_argument.MixinArgumentDecorator object at 0x7fa1d53280>, verb_extension=<colcon_core.verb.build.BuildVerb object at 0x7fa1d52dd0>, main=<bound method BuildVerb.main of <colcon_core.verb.build.BuildVerb object at 0x7fa1d52dd0>>, mixin_verb=('build',))
[1.021s] Level 1:colcon.colcon_core.package_discovery:discover_packages(colcon_meta) check parameters
[1.024s] INFO:colcon.colcon_metadata.package_discovery.colcon_meta:Using configuration from '/root/.colcon/metadata/default/Gazebo.meta'
[1.027s] INFO:colcon.colcon_metadata.package_discovery.colcon_meta:Using configuration from '/root/.colcon/metadata/default/fastrtps.meta'
[1.027s] Level 1:colcon.colcon_core.package_discovery:discover_packages(recursive) check parameters
[1.027s] Level 1:colcon.colcon_core.package_discovery:discover_packages(ignore) check parameters
[1.027s] Level 1:colcon.colcon_core.package_discovery:discover_packages(path) check parameters
[1.027s] Level 1:colcon.colcon_core.package_discovery:discover_packages(colcon_meta) discover
[1.028s] Level 1:colcon.colcon_core.package_discovery:discover_packages(recursive) discover
[1.028s] INFO:colcon.colcon_core.package_discovery:Crawling recursively for packages in '/workspace/ROS2-SW/ROS_ws'
[1.028s] Level 1:colcon.colcon_core.package_identification:_identify(.) by extensions ['ignore', 'ignore_ament_install']
[1.029s] Level 1:colcon.colcon_core.package_identification:_identify(.) by extension 'ignore'
[1.029s] Level 1:colcon.colcon_core.package_identification:_identify(.) by extension 'ignore_ament_install'
[1.029s] Level 1:colcon.colcon_core.package_identification:_identify(.) by extensions ['colcon_pkg']
[1.029s] Level 1:colcon.colcon_core.package_identification:_identify(.) by extension 'colcon_pkg'
[1.029s] Level 1:colcon.colcon_core.package_identification:_identify(.) by extensions ['colcon_meta']
[1.029s] Level 1:colcon.colcon_core.package_identification:_identify(.) by extension 'colcon_meta'
[1.030s] Level 1:colcon.colcon_core.package_identification:_identify(.) by extensions ['ros']
[1.030s] Level 1:colcon.colcon_core.package_identification:_identify(.) by extension 'ros'
[1.079s] Level 1:colcon.colcon_core.package_identification:_identify(.) by extensions ['cmake', 'python']
[1.080s] Level 1:colcon.colcon_core.package_identification:_identify(.) by extension 'cmake'
[1.080s] Level 1:colcon.colcon_core.package_identification:_identify(.) by extension 'python'
[1.080s] Level 1:colcon.colcon_core.package_identification:_identify(.) by extensions ['python_setup_py']
[1.080s] Level 1:colcon.colcon_core.package_identification:_identify(.) by extension 'python_setup_py'
[1.081s] Level 1:colcon.colcon_core.package_identification:_identify(build) by extensions ['ignore', 'ignore_ament_install']
[1.081s] Level 1:colcon.colcon_core.package_identification:_identify(build) by extension 'ignore'
[1.081s] Level 1:colcon.colcon_core.package_identification:_identify(build) ignored
[1.082s] Level 1:colcon.colcon_core.package_identification:_identify(install) by extensions ['ignore', 'ignore_ament_install']
[1.082s] Level 1:colcon.colcon_core.package_identification:_identify(install) by extension 'ignore'
[1.082s] Level 1:colcon.colcon_core.package_identification:_identify(install) ignored
[1.083s] Level 1:colcon.colcon_core.package_identification:_identify(log) by extensions ['ignore', 'ignore_ament_install']
[1.083s] Level 1:colcon.colcon_core.package_identification:_identify(log) by extension 'ignore'
[1.083s] Level 1:colcon.colcon_core.package_identification:_identify(log) ignored
[1.083s] Level 1:colcon.colcon_core.package_identification:_identify(src) by extensions ['ignore', 'ignore_ament_install']
[1.084s] Level 1:colcon.colcon_core.package_identification:_identify(src) by extension 'ignore'
[1.084s] Level 1:colcon.colcon_core.package_identification:_identify(src) by extension 'ignore_ament_install'
[1.084s] Level 1:colcon.colcon_core.package_identification:_identify(src) by extensions ['colcon_pkg']
[1.084s] Level 1:colcon.colcon_core.package_identification:_identify(src) by extension 'colcon_pkg'
[1.085s] Level 1:colcon.colcon_core.package_identification:_identify(src) by extensions ['colcon_meta']
[1.085s] Level 1:colcon.colcon_core.package_identification:_identify(src) by extension 'colcon_meta'
[1.085s] Level 1:colcon.colcon_core.package_identification:_identify(src) by extensions ['ros']
[1.085s] Level 1:colcon.colcon_core.package_identification:_identify(src) by extension 'ros'
[1.085s] Level 1:colcon.colcon_core.package_identification:_identify(src) by extensions ['cmake', 'python']
[1.086s] Level 1:colcon.colcon_core.package_identification:_identify(src) by extension 'cmake'
[1.086s] Level 1:colcon.colcon_core.package_identification:_identify(src) by extension 'python'
[1.086s] Level 1:colcon.colcon_core.package_identification:_identify(src) by extensions ['python_setup_py']
[1.086s] Level 1:colcon.colcon_core.package_identification:_identify(src) by extension 'python_setup_py'
[1.086s] Level 1:colcon.colcon_core.package_discovery:discover_packages(recursive) using defaults
[1.086s] Level 1:colcon.colcon_core.package_discovery:discover_packages(ignore) discover
[1.087s] Level 1:colcon.colcon_core.package_discovery:discover_packages(ignore) using defaults
[1.087s] Level 1:colcon.colcon_core.package_discovery:discover_packages(path) discover
[1.087s] Level 1:colcon.colcon_core.package_discovery:discover_packages(path) using defaults
[1.183s] INFO:colcon.colcon_core.executor:Executing jobs using 'parallel' executor
[1.186s] DEBUG:colcon.colcon_parallel_executor.executor.parallel:run_until_complete
[1.186s] DEBUG:colcon.colcon_parallel_executor.executor.parallel:closing loop
[1.187s] DEBUG:colcon.colcon_parallel_executor.executor.parallel:loop closed
[1.187s] DEBUG:colcon.colcon_parallel_executor.executor.parallel:run_until_complete finished with '0'
[1.187s] DEBUG:colcon.colcon_core.event_reactor:joining thread
[1.256s] INFO:colcon.colcon_core.plugin_system:Skipping extension 'colcon_notification.desktop_notification.notify_send': Could not find 'notify-send'
[1.257s] INFO:colcon.colcon_core.plugin_system:Skipping extension 'colcon_notification.desktop_notification.terminal_notifier': Not used on non-Darwin systems
[1.257s] INFO:colcon.colcon_core.plugin_system:Skipping extension 'colcon_notification.desktop_notification.win32': Not used on non-Windows systems
[1.257s] INFO:colcon.colcon_notification.desktop_notification:Sending desktop notification using 'notify2'
[1.258s] DEBUG:colcon.colcon_notification.desktop_notification.notify2:Failed to initialize notify2: org.freedesktop.DBus.Error.NotSupported: Unable to autolaunch a dbus-daemon without a $DISPLAY for X11
[1.258s] DEBUG:colcon.colcon_core.event_reactor:joined thread
[1.270s] INFO:colcon.colcon_core.plugin_system:Skipping extension 'colcon_core.shell.bat': Not used on non-Windows systems
[1.271s] INFO:colcon.colcon_core.shell:Creating prefix script '/workspace/ROS2-SW/ROS_ws/install/local_setup.ps1'
[1.276s] INFO:colcon.colcon_core.shell:Creating prefix util module '/workspace/ROS2-SW/ROS_ws/install/_local_setup_util_ps1.py'
[1.283s] INFO:colcon.colcon_core.shell:Creating prefix chain script '/workspace/ROS2-SW/ROS_ws/install/setup.ps1'
[1.293s] INFO:colcon.colcon_core.shell:Creating prefix script '/workspace/ROS2-SW/ROS_ws/install/local_setup.sh'
[1.297s] INFO:colcon.colcon_core.shell:Creating prefix util module '/workspace/ROS2-SW/ROS_ws/install/_local_setup_util_sh.py'
[1.300s] INFO:colcon.colcon_core.shell:Creating prefix chain script '/workspace/ROS2-SW/ROS_ws/install/setup.sh'
[1.304s] INFO:colcon.colcon_core.shell:Creating prefix script '/workspace/ROS2-SW/ROS_ws/install/local_setup.bash'
[1.307s] INFO:colcon.colcon_core.shell:Creating prefix chain script '/workspace/ROS2-SW/ROS_ws/install/setup.bash'
[1.310s] INFO:colcon.colcon_core.shell:Creating prefix script '/workspace/ROS2-SW/ROS_ws/install/local_setup.zsh'
[1.313s] INFO:colcon.colcon_core.shell:Creating prefix chain script '/workspace/ROS2-SW/ROS_ws/install/setup.zsh'
